#
# There is insufficient memory for the Java Runtime Environment to continue.
# Native memory allocation (mmap) failed to map 67108864 bytes for G1 virtual space
# Possible reasons:
#   The system is out of physical RAM or swap space
#   The process is running with CompressedOops enabled, and the Java Heap may be blocking the growth of the native heap
# Possible solutions:
#   Reduce memory load on the system
#   Increase physical memory or swap space
#   Check if swap backing store is full
#   Decrease Java heap size (-Xmx/-Xms)
#   Decrease number of Java threads
#   Decrease Java thread stack sizes (-Xss)
#   Set larger code cache with -XX:ReservedCodeCacheSize=
#   JVM is running with Unscaled Compressed Oops mode in which the Java heap is
#     placed in the first 4GB address space. The Java Heap base address is the
#     maximum limit for the native heap growth. Please use -XX:HeapBaseMinAddress
#     to set the Java Heap base and to place the Java Heap above 4GB virtual address.
# This output file may be truncated or incomplete.
#
#  Out of Memory Error (os_windows.cpp:3548), pid=19368, tid=3748
#
# JRE version:  (17.0.10+11) (build )
# Java VM: Java HotSpot(TM) 64-Bit Server VM (17.0.10+11-LTS-240, mixed mode, sharing, tiered, compressed oops, compressed class ptrs, g1 gc, windows-amd64)
# No core dump will be written. Minidumps are not enabled by default on client versions of Windows
#

---------------  S U M M A R Y ------------

Command Line: -Dfile.encoding=UTF-8 -Dstdout.encoding=UTF-8 -Dstderr.encoding=UTF-8 -XX:+ShowCodeDetailsInExceptionMessages com.SpringMicro.DepartmentService.DepartmentServiceApplication

Host: Intel(R) Core(TM) i3-4005U CPU @ 1.70GHz, 4 cores, 3G,  Windows 10 , 64 bit Build 19041 (10.0.19041.4717)
Time: Mon Sep 16 12:51:48 2024 India Standard Time elapsed time: 0.056391 seconds (0d 0h 0m 0s)

---------------  T H R E A D  ---------------

Current thread (0x00000207a9bf8400):  JavaThread "Unknown thread" [_thread_in_vm, id=3748, stack(0x000000e7f4000000,0x000000e7f4100000)]

Stack: [0x000000e7f4000000,0x000000e7f4100000]
Native frames: (J=compiled Java code, j=interpreted, Vv=VM code, C=native code)
V  [jvm.dll+0x677a5a]
V  [jvm.dll+0x7d8b2d]
V  [jvm.dll+0x7da48e]
V  [jvm.dll+0x7daaf3]
V  [jvm.dll+0x2455ff]
V  [jvm.dll+0x6749b9]
V  [jvm.dll+0x669382]
V  [jvm.dll+0x302e96]
V  [jvm.dll+0x30a416]
V  [jvm.dll+0x359cbe]
V  [jvm.dll+0x359eef]
V  [jvm.dll+0x2d9e88]
V  [jvm.dll+0x2dadf4]
V  [jvm.dll+0x7aa551]
V  [jvm.dll+0x367911]
V  [jvm.dll+0x789639]
V  [jvm.dll+0x3eb30f]
V  [jvm.dll+0x3ecd91]
C  [jli.dll+0x5297]
C  [ucrtbase.dll+0x21bb2]
C  [KERNEL32.DLL+0x17374]
C  [ntdll.dll+0x4cc91]


---------------  P R O C E S S  ---------------

Threads class SMR info:
_java_thread_list=0x00007ff9242b6a18, length=0, elements={
}

Java Threads: ( => current thread )

Other Threads:
  0x00000207a9c35d40 GCTaskThread "GC Thread#0" [stack: 0x000000e7f4100000,0x000000e7f4200000] [id=8968]
  0x00000207a9c40050 ConcurrentGCThread "G1 Main Marker" [stack: 0x000000e7f4200000,0x000000e7f4300000] [id=2356]
  0x00000207a9c40970 ConcurrentGCThread "G1 Conc#0" [stack: 0x000000e7f4300000,0x000000e7f4400000] [id=12044]

[error occurred during error reporting (printing all threads), id 0xc0000005, EXCEPTION_ACCESS_VIOLATION (0xc0000005) at pc=0x00007ff923aeaae7]

VM state: not at safepoint (not fully initialized)

VM Mutex/Monitor currently owned by a thread:  ([mutex/lock_event])
[0x00000207a9bf4c90] Heap_lock - owner thread: 0x00000207a9bf8400

Heap address: 0x00000000c1800000, size: 1000 MB, Compressed Oops mode: 32-bit

CDS archive(s) mapped at: [0x0000000000000000-0x0000000000000000-0x0000000000000000), size 0, SharedBaseAddress: 0x0000000800000000, ArchiveRelocationMode: 1.
Narrow klass base: 0x0000000000000000, Narrow klass shift: 0, Narrow klass range: 0x0

GC Precious Log:
<Empty>

Heap:
 garbage-first heap   total 0K, used 0K [0x00000000c1800000, 0x0000000100000000)
  region size 1024K, 0 young (0K), 0 survivors (0K)

[error occurred during error reporting (printing heap information), id 0xc0000005, EXCEPTION_ACCESS_VIOLATION (0xc0000005) at pc=0x00007ff923ed1249]

GC Heap History (0 events):
No events

Deoptimization events (0 events):
No events

Classes unloaded (0 events):
No events

Classes redefined (0 events):
No events

Internal exceptions (0 events):
No events

VM Operations (0 events):
No events

Events (1 events):
Event: 0.027 Loaded shared library C:\Program Files\Java\jdk-17\bin\java.dll


Dynamic libraries:
0x00007ff74d150000 - 0x00007ff74d160000 	C:\Program Files\Java\jdk-17\bin\javaw.exe
0x00007ff956f30000 - 0x00007ff957128000 	C:\Windows\SYSTEM32\ntdll.dll
0x00007ff9560c0000 - 0x00007ff956181000 	C:\Windows\System32\KERNEL32.DLL
0x00007ff9549f0000 - 0x00007ff954ced000 	C:\Windows\System32\KERNELBASE.dll
0x00007ff954880000 - 0x00007ff954980000 	C:\Windows\System32\ucrtbase.dll
0x00007ff93ee90000 - 0x00007ff93eea9000 	C:\Program Files\Java\jdk-17\bin\jli.dll
0x00007ff956630000 - 0x00007ff9566e0000 	C:\Windows\System32\ADVAPI32.dll
0x00007ff93d110000 - 0x00007ff93d12b000 	C:\Program Files\Java\jdk-17\bin\VCRUNTIME140.dll
0x00007ff956490000 - 0x00007ff95652e000 	C:\Windows\System32\msvcrt.dll
0x00007ff956590000 - 0x00007ff956630000 	C:\Windows\System32\sechost.dll
0x00007ff955d10000 - 0x00007ff955e33000 	C:\Windows\System32\RPCRT4.dll
0x00007ff954850000 - 0x00007ff954877000 	C:\Windows\System32\bcrypt.dll
0x00007ff956ab0000 - 0x00007ff956c4d000 	C:\Windows\System32\USER32.dll
0x00007ff954f30000 - 0x00007ff954f52000 	C:\Windows\System32\win32u.dll
0x00007ff94bd80000 - 0x00007ff94c01a000 	C:\Windows\WinSxS\amd64_microsoft.windows.common-controls_6595b64144ccf1df_6.0.19041.4355_none_60b8b9eb71f62e16\COMCTL32.dll
0x00007ff956ec0000 - 0x00007ff956eeb000 	C:\Windows\System32\GDI32.dll
0x00007ff954730000 - 0x00007ff954847000 	C:\Windows\System32\gdi32full.dll
0x00007ff9545e0000 - 0x00007ff95467d000 	C:\Windows\System32\msvcp_win.dll
0x00007ff94c290000 - 0x00007ff94c29a000 	C:\Windows\SYSTEM32\VERSION.dll
0x00007ff955c60000 - 0x00007ff955c8f000 	C:\Windows\System32\IMM32.DLL
0x00007ff9512a0000 - 0x00007ff9512ac000 	C:\Program Files\Java\jdk-17\bin\vcruntime140_1.dll
0x00007ff934d20000 - 0x00007ff934dae000 	C:\Program Files\Java\jdk-17\bin\msvcp140.dll
0x00007ff923800000 - 0x00007ff9243df000 	C:\Program Files\Java\jdk-17\bin\server\jvm.dll
0x00007ff956e00000 - 0x00007ff956e08000 	C:\Windows\System32\PSAPI.DLL
0x00007ff94c260000 - 0x00007ff94c287000 	C:\Windows\SYSTEM32\WINMM.dll
0x00007ff94dd20000 - 0x00007ff94dd29000 	C:\Windows\SYSTEM32\WSOCK32.dll
0x00007ff956c50000 - 0x00007ff956cbb000 	C:\Windows\System32\WS2_32.dll
0x00007ff952460000 - 0x00007ff952472000 	C:\Windows\SYSTEM32\kernel.appcore.dll
0x00007ff94cfe0000 - 0x00007ff94cfea000 	C:\Program Files\Java\jdk-17\bin\jimage.dll
0x00007ff940c60000 - 0x00007ff940e44000 	C:\Windows\SYSTEM32\DBGHELP.DLL
0x00007ff940310000 - 0x00007ff940344000 	C:\Windows\SYSTEM32\dbgcore.DLL
0x00007ff954d40000 - 0x00007ff954dc2000 	C:\Windows\System32\bcryptPrimitives.dll
0x00007ff93b5b0000 - 0x00007ff93b5d5000 	C:\Program Files\Java\jdk-17\bin\java.dll

dbghelp: loaded successfully - version: 4.0.5 - missing functions: none
symbol engine: initialized successfully - sym options: 0x614 - pdb path: .;C:\Program Files\Java\jdk-17\bin;C:\Windows\SYSTEM32;C:\Windows\WinSxS\amd64_microsoft.windows.common-controls_6595b64144ccf1df_6.0.19041.4355_none_60b8b9eb71f62e16;C:\Program Files\Java\jdk-17\bin\server

VM Arguments:
jvm_args: -Dfile.encoding=UTF-8 -Dstdout.encoding=UTF-8 -Dstderr.encoding=UTF-8 -XX:+ShowCodeDetailsInExceptionMessages 
java_command: com.SpringMicro.DepartmentService.DepartmentServiceApplication
java_class_path (initial): C:\Users\ADMIN\Documents\SB_Projects\DepartmentService\target\classes;C:\Users\ADMIN\.m2\repository\org\springframework\cloud\spring-cloud-starter-netflix-eureka-client\4.1.3\spring-cloud-starter-netflix-eureka-client-4.1.3.jar;C:\Users\ADMIN\.m2\repository\org\springframework\cloud\spring-cloud-starter\4.1.4\spring-cloud-starter-4.1.4.jar;C:\Users\ADMIN\.m2\repository\org\springframework\cloud\spring-cloud-context\4.1.4\spring-cloud-context-4.1.4.jar;C:\Users\ADMIN\.m2\repository\org\springframework\security\spring-security-crypto\6.3.3\spring-security-crypto-6.3.3.jar;C:\Users\ADMIN\.m2\repository\org\springframework\cloud\spring-cloud-commons\4.1.4\spring-cloud-commons-4.1.4.jar;C:\Users\ADMIN\.m2\repository\org\springframework\security\spring-security-rsa\1.1.3\spring-security-rsa-1.1.3.jar;C:\Users\ADMIN\.m2\repository\org\bouncycastle\bcprov-jdk18on\1.78\bcprov-jdk18on-1.78.jar;C:\Users\ADMIN\.m2\repository\org\springframework\cloud\spring-cloud-netflix-eureka-client\4.1.3\spring-cloud-netflix-eureka-client-4.1.3.jar;C:\Users\ADMIN\.m2\repository\org\apache\httpcomponents\client5\httpclient5\5.3.1\httpclient5-5.3.1.jar;C:\Users\ADMIN\.m2\repository\org\apache\httpcomponents\core5\httpcore5\5.2.5\httpcore5-5.2.5.jar;C:\Users\ADMIN\.m2\repository\org\apache\httpcomponents\core5\httpcore5-h2\5.2.5\httpcore5-h2-5.2.5.jar;C:\Users\ADMIN\.m2\repository\com\netflix\eureka\eureka-client\2.0.3\eureka-client-2.0.3.jar;C:\Users\ADMIN\.m2\repository\com\thoughtworks\xstream\xstream\1.4.20\xstream-1.4.20.jar;C:\Users\ADMIN\.m2\repository\io\github\x-stream\mxparser\1.2.2\mxparser-1.2.2.jar;C:\Users\ADMIN\.m2\repository\xmlpull\xmlpull\1.1.3.1\xmlpull-1.1.3.1.jar;C:\Users\ADMIN\.m2\repository\jakarta\ws\rs\jakarta.ws.rs-api\3.1.0\jakarta.ws.rs-api-3.1.0.jar;C:\Users\ADMIN\.m2\repository\jakarta\inject\jakarta.inject-api\2.0.1\jakarta.inject-api-2.0.1.jar;C:\Users\ADMIN\.m2\repository\jakarta\annotation\jakarta.annotation-api\2.1.1\jakarta.annota
Launcher Type: SUN_STANDARD

[Global flags]
     intx CICompilerCount                          = 3                                         {product} {ergonomic}
     uint ConcGCThreads                            = 1                                         {product} {ergonomic}
     uint G1ConcRefinementThreads                  = 4                                         {product} {ergonomic}
   size_t G1HeapRegionSize                         = 1048576                                   {product} {ergonomic}
    uintx GCDrainStackTargetSize                   = 64                                        {product} {ergonomic}
   size_t InitialHeapSize                          = 67108864                                  {product} {ergonomic}
   size_t MarkStackSize                            = 4194304                                   {product} {ergonomic}
   size_t MaxHeapSize                              = 1048576000                                {product} {ergonomic}
   size_t MinHeapDeltaBytes                        = 1048576                                   {product} {ergonomic}
   size_t MinHeapSize                              = 8388608                                   {product} {ergonomic}
    uintx NonNMethodCodeHeapSize                   = 5832780                                {pd product} {ergonomic}
    uintx NonProfiledCodeHeapSize                  = 122912730                              {pd product} {ergonomic}
    uintx ProfiledCodeHeapSize                     = 122912730                              {pd product} {ergonomic}
    uintx ReservedCodeCacheSize                    = 251658240                              {pd product} {ergonomic}
     bool SegmentedCodeCache                       = true                                      {product} {ergonomic}
     bool ShowCodeDetailsInExceptionMessages       = true                                   {manageable} {command line}
   size_t SoftMaxHeapSize                          = 1048576000                             {manageable} {ergonomic}
     bool UseCompressedClassPointers               = true                           {product lp64_product} {ergonomic}
     bool UseCompressedOops                        = true                           {product lp64_product} {ergonomic}
     bool UseG1GC                                  = true                                      {product} {ergonomic}
     bool UseLargePagesIndividualAllocation        = false                                  {pd product} {ergonomic}

Logging:
Log output configuration:
 #0: stdout all=warning uptime,level,tags
 #1: stderr all=off uptime,level,tags

Environment Variables:
PATH=C:\Program Files\Common Files\Oracle\Java\javapath;C:\Windows\system32;C:\Windows;C:\Windows\System32\Wbem;C:\Windows\System32\WindowsPowerShell\v1.0\;C:\Windows\System32\OpenSSH\;C:\Program Files\dotnet\;C:\Users\ADMIN\AppData\Local\Microsoft\WindowsApps;
USERNAME=ADMIN
OS=Windows_NT
PROCESSOR_IDENTIFIER=Intel64 Family 6 Model 69 Stepping 1, GenuineIntel



---------------  S Y S T E M  ---------------

OS:
 Windows 10 , 64 bit Build 19041 (10.0.19041.4717)
OS uptime: 7 days 4:27 hours

CPU: total 4 (initial active 4) (2 cores per cpu, 2 threads per core) family 6 model 69 stepping 1 microcode 0x26, cx8, cmov, fxsr, ht, mmx, sse, sse2, sse3, ssse3, sse4.1, sse4.2, popcnt, lzcnt, tsc, tscinvbit, avx, avx2, aes, erms, clmul, bmi1, bmi2, fma, vzeroupper, clflush

Memory: 4k page, system-wide physical 3999M (278M free)
TotalPageFile size 16287M (AvailPageFile size 36M)
current process WorkingSet (physical memory assigned to process): 9M, peak: 9M
current process commit charge ("private bytes"): 51M, peak: 115M

vm_info: Java HotSpot(TM) 64-Bit Server VM (17.0.10+11-LTS-240) for windows-amd64 JRE (17.0.10+11-LTS-240), built on Dec 19 2023 21:47:25 by "mach5one" with MS VC++ 17.1 (VS2022)

END.
